1529
1889
1837
1781
1795
1749
1863
1786
1794
1814
1810
1511
1804
1714
1773
1726
2167
1944
1820
1714
1766
1734
1771
1689
1732
1806
1752
1963
1537
1868
1781
1769
1753
1827
1524
1866
1780
1712
1802
1718
1841
1776
1724
1780
1800
1609
1869
1761
1770
1767
1628
1680
1805
1792
1717
1759
1975
1851
1771
1718
1774
1843
1873
1901
1723
1779
1743
1858
1873
1710
1865
1714
1753
1788
1868
1805
1797
1863
1467
1602
1761
1772
1733
1766
1939
1681
1803
1710
1773
1711
2118
1768
1722
1759
1803
1606
1739
1765
1713
1767
1795
1810
1513
1712
1799
1747
1521
1756
1387
1854
1745
1762
1754
1742
1680
1824
1774
1706
1776
1566
1725
1775
1821
1730
1750
1906
1777
1708
1755
1709
1782
1640
1760
1710
1768
1779
1756
1764
1729
1723
1765
1763
1734
1819
1753
1786
1725
1748
1563
1355
1851
1761
1829
1749
1884
1957
1775
1726
1779
1458
1535
1827
1797
1674
1755
1526
1796
1703
1743
1902
1788
1789
1784
1759
1705
1791
1802
1861
1407
1813
1777
1783
1788
1596
1579
1876
1756
1834
1400
1669
1615
1888
1666
1778
1791
2030
1808
1728
1778
1723
1917
1618
1901
1766
1765
1803
1597
1922
1728
1764
1685
1829
1654
1921
1759
1683
1469
1694
1700
1792
1768
1787
1745
1718
1740
1770
1774
1833
1417
1398
1870
1795
1702
1740
1861
1681
1447
1836
1724
1805
1898
1716
1821
1765
1768
1794
1752
1854
1749
1743
1703
1875
1906
1899
1773
1688
1751
1682
1647
1837
1786
1760
1789
1634
1635
1737
1781
1761
1870
1451
1732
1761
1691
1751
1730
1691
1747
1866
1688
1760
1766
1786
1845
1863
1752
1597
1528
1921
1774
1708
1768
1457
1265
1250
1882
1759
1846
1430
1228
1528
1725
1756
1748
1408
1914
1748
1796
1809
1771
1851
1849
1754
1785
1729
1727
1676
1276
1678
1698
1750
1447
1905
1817
1717
1791
1739
1434
1899
1921
1780
1686
1764
1791
1825
1818
1744
1770
1849
1554
1986
1804
1772
1741
1983
1499
1829
1898
1843
1765
1740
1698
1837
1740
1699
1759
1816
1758
1790
1750
1695
1764
1843
1778
1725
1750
1759
1960
1840
1761
1786
1771
1720
1899
1886
1777
1775
1722
1906
1792
1809
1912
1713
1771
1708
1530
1393
1710
1769
1696
1513
1608
1879
1678
1735
1749
1539
1946
1770
1712
1815
1421
1696
1685
1851
1690
1778
1482
1853
1626
1692
1789
1738
1815
1713
1844
1784
1851
1826
1834
1594
1772
1788
1824
1411
1849
1769
1872
1774
1693
1834
1724
1780
1795
1818
1790
1778
1767
1811
1750
1707
1790
1870
2076
1373
1744
1748
1708
1765
1893
1503
1707
1789
1799
1810
1792
1853
1699
1731
1931
1508
1883
1778
1782
1710
1875
1780
1664
1774
1761
1493
1868
1861
1878
1746
1788
1626
1928
1787
1654
1748
1782
1706
1879
1787
1388
1861
1780
1731
1749
1820
1740
1682
1749
1841
1754
1455
1807
1784
1699
1689
1462
1875
1770
1714
1863
1854
1853
1539
1597
1827
1874
1774
1926
1828
1874
1764
1856
1765
1417
1700
1803
1695
1783
1751
1697
1853
1712
1373
1887
1900
1479
1781
1712
1442
1815
1924
1768
1770
1471
1731
1694
1973
1757
1889
1480
1863
1520
1751
1838
1778
1731
1783
1779
1520
2002
1833
1772
1770
1597
1562
2094
1719
1847
1774
1905
1789
1790
1786
1880
1594
1837
1546
1870
1620
1777
1783
1861
1806
1483
1849
1698
1939
1778
1862
1724
1725
1848
1439
1977
1810
1734
1747
1825
1460
1709
1781
1749
1770
1718
1356
1686
1746
1779
1470
1803
1514
1829
1764
1854
1376
1824
1479
1739
1780
1965
1369
1814
1504
1866
1464
1853
1862
1686
1783
1785
1742
1774
1841
1830
1679
1820
1820
1764
1788
1464
1731
1461
1850
1782
1813
1496
1860
1444
1838
1804
1728
1798
1684
1719
1777
1692
1755
1768
1453
1778
1764
1698
1803
1872
1816
1930
1795
1480
1810
1788
1824
1805
1709
1716
1800
1578
1873
1623
1769
1547
1341
1888
1837
1723
1442
1745
1786
1845
1889
1760
1843
1496
1716
1716
1832
1717
1798
1872
1647
1550
1790
1724
1887
1368
1707
1709
1832
1814
1506
1478
1692
1846
1794
1611
1891
1459
1803
1891
1710
1841
1827
1841
1509
1861
1765
1824
1910
1846
1419
1890
1748
1789
1531
1756
1556
1883
1684
1843
1875
1470
1707
1747
1764
1869
1817
1743
1384
1833
1861
1723
1840
1822
1715
1790
1904
1387
1816
1381
1865
1776
1767
1819
1753
1809
1854
1827
1790
1707
1779
1878
1781
1583
1899
1864
1706
1777
1712
1832
1886
1769
1446
1846
1682
1828
1886
1773
1828
1848
1757
1627
1896
1775
1839
1799
1598
1511
1772
1890
1865
1781
2066
1742
1834
1553
1915
1736
2080
1787
1901
1898
1789
1513
1777
1804
1703
1790
1697
1950
1793
1808
1989
1757
1859
1750
1998
1730
1813
1781
1714
1815
1786
1685
1794
1751
1955
1797
1911
1922
1764
1692
2078
1801
1401
1885
1779
1869
1824
1783
1791
1895
1736
1511
1777
1556
1667
1830
1780
1726
1760
1814
1892
1785
1455
1882
1692
1972
1798
1706
1450
1833
1395
1980
1762
1697
1899
1771
1692
1437
1851
1562
1722
1727
1910
1807
1771
1515
1815
1768
1856
1811
1787
1816
1759
1489
1729
1901
1737
1816
1847
1801
1843
1851
1719
1600
1754
1792
2044
1757
1800
1812
1444
1773
1617
1925
1957
1799
1713
1790
1717
1673
1717
1772
1773
1814
1794
1429
1866
1438
1788
1872
1768
1464
1866
1833
1704
1735
1700
1892
1888
1740
1826
1728
1779
1818
2006
1834
1849
1795
1516
1834
1802
1475
1879
1778
1823
1793
1778
1972
1781
1492
1918
1680
1731
1843
1806
1601
1919
1772
1747
1864
1782
1780
1888
1672
1705
1785
1794
1739
1789
1781
1727
1886
1579
1926
1767
1715
1487
1845
1481
1868
1776
1770
1535
1803
1513
1747
1753
1702
1811
1791
1849
1410
1856
1449
1688
1732
1801
1812
1740
1336
1848
1750
1903
1846
1789
1708
1758
1620
1892
1850
1784
1766
1372
1902
1488
1693
1778
1825
1855
1768
1500
1815
1777
1745
1853
1867
1778
1701
1901
1502
1810
1783
1771
1730
1913
1385
1891
1878
1680
1763
1807
1809
1853
1945
1773
1473
1811
1879
1860
1745
1771
1741
1948
1716
1770
1774
1748
1648
1876
1747
1779
1802
1630
1477
1857
1875
1756
1681
1957
1528
1785
1865
1866
1779
1854
1800
1749
1833
1772
1498
1950
1764
1750
1453
1854
1701
1890
1783
2210
1965
1830
1608
1883
1410
1673
1533
1399
1844
1926
1901
1832
1398
1774
1458
1771
1842
1770
1712
1826
1641
1958
1614
1849
1771
1589
1838
1629
1787
1705
1371
1735
1792
1748
1777
1782
1822
1485
1838
1477
1828
1780
1654
1582
1822
1868
1725
1797
1882
1484
1719
1817
1678
1687
1857
1867
