4037
1528
3961
3930
2396
2011
1546
2961
6844
6182
3724
5632
4228
4252
4107
4303
3817
4533
7125
3819
1817
3790
3829
6487
7132
7181
3812
6384
5119
6955
4855
4325
3838
7323
3888
2885
2890
3914
5100
3767
3890
5270
5625
3869
3214
4817
4271
4157
4306
4197
4195
3882
4243
4198
4205
4311
4318
4253
4276
4283
4317
4235
4248
4224
4240
4205
4207
4278
4267
4332
6131
4170
4279
4153
4195
4175
4333
3689
3728
3752
3773
3715
3773
3745
3759
3752
3826
5117
5054
5088
5057
5058
5897
3710
3918
4145
3803
3942
4342
3810
3706
6024
3825
3930
3284
4046
4207
4258
4313
4236
4232
3257
3862
4327
3178
2997
2877
2894
1893
1894
1854
1859
1903
1895
1890
1893
1932
1828
1919
1858
1951
1866
1871
1839
1837
1888
1883
1942
1894
1925
1878
1880
1917
1941
1844
1895
1834
1923
1894
1866
1926
1863
1842
1859
1879
1900
1891
1933
1924
1839
1926
1894
1842
1892
1915
1918
1867
1920
1885
1933
1831
1893
1843
1912
1922
1879
1896
1868
1900
1938
1837
1897
1902
1892
1876
1950
1882
1898
1919
1826
1887
1862
1857
1928
1918
1868
1869
1892
1883
1926
1966
1859
1855
1884
1914
1895
1896
1915
1891
1925
1908
1901
1919
1884
1883
1879
1863
1860
1911
1854
1892
1893
1920
1887
1982
1920
1876
1884
1883
1907
1915
1941
1847
1884
1903
1877
1864
1924
1940
1910
1854
1887
1916
1869
1914
1852
1935
1895
1938
1902
1837
1901
1884
1883
1888
1882
1946
1902
1836
1873
1892
1876
1893
1900
1955
1865
1884
1889
1864
1892
1913
1892
1878
1828
1859
1903
1864
1966
1935
1944
1889
1945
1831
1892
1832
1919
1902
1907
1823
1899
1881
1959
1914
1842
1878
1888
1890
1929
1918
1889
1843
1848
1926
1910
1903
1891
1873
1916
1895
1836
1882
1886
1883
1943
1863
1908
1875
1882
1885
1888
1953
1893
1902
1919
1858
1888
1938
1885
1872
1916
1919
1924
1933
1904
1884
1901
1905
1842
1930
1901
1887
1850
1871
1881
1891
1945
1902
1923
1934
1894
1891
1907
1852
1904
1856
1861
1888
1910
1931
1829
1906
1823
1861
1960
1875
1928
1851
1921
1887
1894
1896
1845
1892
1907
1880
1886
1895
1899
1917
1877
1898
1855
1866
1890
1905
1916
1847
1844
1935
1911
1919
1829
1908
1888
1876
1986
1911
1840
1906
1910
1931
1886
1867
1929
1913
1873
1885
1962
1831
1911
1971
1890
1897
1899
1914
1894
1897
1864
1915
1877
1892
1959
1871
1918
1904
1900
1914
1848
1874
1876
1893
1913
1868
1914
1897
1883
1889
1908
1930
1865
1883
1898
1850
1883
1872
1892
1910
1888
1918
1902
1837
1888
1927
1890
1931
1898
1912
1910
1924
1932
1860
1915
1883
1896
1902
1844
1874
1888
1884
1847
1900
1936
1899
1894
1893
1914
1920
1874
1893
1895
1911
1837
1942
1842
1887
1915
1939
1922
1865
1879
1918
1931
1908
1905
1973
1852
1835
1894
1882
1884
1878
1899
1837
1895
1936
1910
1873
1950
1918
1879
1890
1975
1915
1941
1909
1827
1900
1917
1835
1884
1922
1929
1873
1907
1912
1827
1868
1892
1962
1920
1933
1944
1895
1901
1883
1914
1892
1929
1904
1863
1892
1899
1947
1962
1889
1862
1831
1888
1894
1925
1893
1864
1940
1850
1948
1890
1891
1915
1926
1851
1937
1905
1951
1921
1954
1888
1889
1931
1912
1883
1928
1903
1888
1867
1910
1906
1892
1920
1922
1896
1889
1889
1893
1931
1920
1886
1837
1825
1915
1910
1928
1901
1882
1895
1906
1940
1904
1857
1894
1874
1880
1932
1869
1917
1885
1921
1890
1974
1901
1941
1938
1875
1870
1894
1895
1882
1928
1913
1891
1923
1944
1900
1876
1899
1874
1933
1853
1897
1886
1908
1900
1946
1925
1904
1936
1932
1935
1905
1871
1932
1891
1915
1886
1888
1897
1884
1924
1891
1904
1842
1902
1899
1887
1873
1891
1893
1967
1901
1869
1850
1887
1895
1887
1966
1920
1918
1922
1880
1910
1937
1886
1866
1822
1898
1933
1954
1889
1840
1878
1909
1948
1895
1935
1887
1948
1909
1878
1900
1916
1901
1957
1928
1843
1896
1855
1879
1899
1907
1913
1943
1917
1880
1880
1911
1882
1940
1936
1894
1863
1884
1962
1898
1901
1890
1898
1885
1966
1875
1922
1959
1891
1900
1940
1904
1903
1867
1894
1976
1890
1916
1889
1886
1911
1897
1911
1897
1842
1894
1945
1889
1853
1896
1888
1880
1895
1893
1937
1915
1863
1901
1909
1935
1921
1871
1914
1897
1903
1953
1882
1927
1888
1885
1940
1943
1907
1895
1898
1847
1870
1890
1916
1832
1885
1898
1917
1949
1924
1918
1892
1909
1900
1884
1886
1838
1884
1926
1882
1914
1945
1856
1892
1948
1945
1872
1914
1954
1832
1890
1879
1893
1878
1885
1938
1829
1914
1903
1904
1925
1926
1901
1903
1873
1938
1840
1896
1899
1923
1891
1909
1896
1888
1912
1953
1877
1943
1881
1857
1898
1941
1862
1877
1902
1893
1887
1900
1912
1900
1937
1902
1894
1917
1872
1845
1875
1932
1935
1916
1973
1893
1907
1921
1839
1894
1891
1881
1924
1950
1924
1943
1898
1869
1912
1915
1921
1879
1882
1926
1855
1882
1901
1887
1932
1921
1829
1929
1894
1909
1879
1921
1901
1929
1952
1885
1903
1824
1913
1871
1937
1917
1855
1897
1884
1913
1901
1875
1914
1892
1898
1932
1918
1937
1898
1892
1883
1876
1923
1922
1890
1912
1876
1894
1938
1919
1896
1943
1919
1924
1936
1856
1911
1897
1938
1890
1932
1879
1852
1898
1933
1899
1876
1898
1960
1929
1904
1952
1881
1918
1916
1864
1893
1883
1918
1912
1882
1931
1916
1896
1894
1907
1858
1916
1884
1917
1938
1904
1894
1927
1931
1930
1894
1896
1918
1854
1899
1935
1934
1912
1941
1866
1919
1880
1902
1900
1877
1975
1905
1924
1891
1895
1937
1920
1977
1880
1926
1904
1830
1892
1926
1882
1971
1913
1917
1921
1941
1953
1926
1952
1889
1943
1823
1910
1895
1883
1902
1942
1885
1892
1945
1891
1945
1887
1937
1888
1883
1850
1875
1879
1894
1909
1912
1947
1911
1919
1923
1887
1896
1892
1898
1885
1921
1900
1835
1879
1912
1961
1948
1901
1891
1833
1894
1909
1918
1890
1933
1918
1973
1879
1924
1910
1966
1887
1931
1883
1903
1942
1915
1869
1922
1893
1918
1907
1924
1881
1907
1961
1930
1840
1896
1932
1893
1888
1950
1984
1912
1904
1882
1885
1895
1881
1893
1899
1897
1889
1831
1900
1918
1948
1919
1920
1949
1941
1931
1897
1847
1923
1887
1892
1946
1886
1882
1898
1896
1913
1896
1881
1919
1934
1922
1909
1920
1905
1908
1934
1886
1931
1871
1962
1947
1932
1926
1889
1885
1904
1874
1949
1878
1898
1917
1922
1912
1887
1894
1896
1907
1889
1886
1904
1898
1906
1924
1906
1922
1862
1904
1893
1918
1891
1893
1977
1938
1921
1882
1886
1901
1918
1919
1934
1848
1923
1895
1917
1913
1925
1915
1965
1886
1964
1883
1892
1886
1906
1900
1923
1930
